{"C:\\Users\\leohg\\Documents\\Henry\\M2\\Proyecto_Integrador2\\index.js": {"path":"C:\\Users\\leohg\\Documents\\Henry\\M2\\Proyecto_Integrador2\\index.js","statementMap":{"0":{"start":{"line":9,"column":0},"end":{"line":9,"column":20}},"1":{"start":{"line":57,"column":24},"end":{"line":60,"column":1}},"2":{"start":{"line":61,"column":0},"end":{"line":66,"column":1}},"3":{"start":{"line":62,"column":2},"end":{"line":65,"column":3}},"4":{"start":{"line":63,"column":4},"end":{"line":63,"column":79}},"5":{"start":{"line":64,"column":4},"end":{"line":64,"column":20}},"6":{"start":{"line":67,"column":0},"end":{"line":67,"column":73}},"7":{"start":{"line":69,"column":25},"end":{"line":69,"column":52}},"8":{"start":{"line":70,"column":28},"end":{"line":70,"column":65}},"9":{"start":{"line":74,"column":0},"end":{"line":76,"column":2}},"10":{"start":{"line":75,"column":4},"end":{"line":75,"column":110}}},"fnMap":{"0":{"name":"(anonymous_0)","decl":{"start":{"line":74,"column":24},"end":{"line":74,"column":25}},"loc":{"start":{"line":74,"column":28},"end":{"line":76,"column":1}},"line":74}},"branchMap":{"0":{"loc":{"start":{"line":62,"column":2},"end":{"line":65,"column":3}},"type":"if","locations":[{"start":{"line":62,"column":2},"end":{"line":65,"column":3}},{"start":{},"end":{}}],"line":62}},"s":{"0":1,"1":1,"2":1,"3":10,"4":0,"5":0,"6":1,"7":1,"8":1,"9":1,"10":1},"f":{"0":1},"b":{"0":[0,10]},"meta":{"lastBranch":1,"lastFunction":1,"lastStatement":11,"seen":{"s:9:0:9:20":0,"s:57:24:60:1":1,"s:61:0:66:1":2,"b:62:2:65:3:undefined:undefined:undefined:undefined":0,"s:62:2:65:3":3,"s:63:4:63:79":4,"s:64:4:64:20":5,"s:67:0:67:73":6,"s:69:25:69:52":7,"s:70:28:70:65":8,"s:74:0:76:2":9,"f:74:24:74:25":0,"s:75:4:75:110":10},"fnNames":{}}}
,"C:\\Users\\leohg\\Documents\\Henry\\M2\\Proyecto_Integrador2\\src\\app.js": {"path":"C:\\Users\\leohg\\Documents\\Henry\\M2\\Proyecto_Integrador2\\src\\app.js","statementMap":{"0":{"start":{"line":7,"column":11},"end":{"line":7,"column":21}},"1":{"start":{"line":10,"column":24},"end":{"line":10,"column":51}},"2":{"start":{"line":12,"column":0},"end":{"line":12,"column":24}},"3":{"start":{"line":13,"column":0},"end":{"line":13,"column":72}},"4":{"start":{"line":14,"column":0},"end":{"line":14,"column":27}},"5":{"start":{"line":15,"column":0},"end":{"line":15,"column":25}},"6":{"start":{"line":17,"column":0},"end":{"line":25,"column":3}},"7":{"start":{"line":18,"column":4},"end":{"line":24,"column":7}}},"fnMap":{"0":{"name":"(anonymous_0)","decl":{"start":{"line":17,"column":19},"end":{"line":17,"column":20}},"loc":{"start":{"line":17,"column":33},"end":{"line":25,"column":1}},"line":17}},"branchMap":{},"s":{"0":1,"1":1,"2":1,"3":1,"4":1,"5":1,"6":1,"7":0},"f":{"0":0},"b":{},"meta":{"lastBranch":0,"lastFunction":1,"lastStatement":8,"seen":{"s:7:11:7:21":0,"s:10:24:10:51":1,"s:12:0:12:24":2,"s:13:0:13:72":3,"s:14:0:14:27":4,"s:15:0:15:25":5,"s:17:0:25:3":6,"f:17:19:17:20":0,"s:18:4:24:7":7},"fnNames":{}}}
,"C:\\Users\\leohg\\Documents\\Henry\\M2\\Proyecto_Integrador2\\src\\config\\config.js": {"path":"C:\\Users\\leohg\\Documents\\Henry\\M2\\Proyecto_Integrador2\\src\\config\\config.js","statementMap":{},"fnMap":{},"branchMap":{"0":{"loc":{"start":{"line":2,"column":10},"end":{"line":2,"column":null}},"type":"binary-expr","locations":[{"start":{"line":2,"column":10},"end":{"line":2,"column":30}},{"start":{"line":2,"column":30},"end":{"line":2,"column":null}}],"line":2},"1":{"loc":{"start":{"line":3,"column":4},"end":{"line":3,"column":null}},"type":"binary-expr","locations":[{"start":{"line":3,"column":4},"end":{"line":3,"column":38}},{"start":{"line":3,"column":38},"end":{"line":3,"column":null}}],"line":3},"2":{"loc":{"start":{"line":4,"column":12},"end":{"line":4,"column":null}},"type":"binary-expr","locations":[{"start":{"line":4,"column":12},"end":{"line":4,"column":34}},{"start":{"line":4,"column":34},"end":{"line":4,"column":null}}],"line":4},"3":{"loc":{"start":{"line":6,"column":17},"end":{"line":6,"column":null}},"type":"binary-expr","locations":[{"start":{"line":6,"column":17},"end":{"line":6,"column":44}},{"start":{"line":6,"column":44},"end":{"line":6,"column":null}}],"line":6}},"s":{},"f":{},"b":{"0":[1,0],"1":[1,0],"2":[1,0],"3":[1,0]},"meta":{"lastBranch":4,"lastFunction":0,"lastStatement":0,"seen":{"b:2:10:2:30:2:30:2:Infinity":0,"b:3:4:3:38:3:38:3:Infinity":1,"b:4:12:4:34:4:34:4:Infinity":2,"b:6:17:6:44:6:44:6:Infinity":3},"fnNames":{}}}
,"C:\\Users\\leohg\\Documents\\Henry\\M2\\Proyecto_Integrador2\\src\\controllers\\authors.controlers.js": {"path":"C:\\Users\\leohg\\Documents\\Henry\\M2\\Proyecto_Integrador2\\src\\controllers\\authors.controlers.js","statementMap":{"0":{"start":{"line":8,"column":17},"end":{"line":8,"column":19}},"1":{"start":{"line":15,"column":22},"end":{"line":85,"column":1}},"2":{"start":{"line":16,"column":4},"end":{"line":84,"column":5}},"3":{"start":{"line":18,"column":35},"end":{"line":18,"column":43}},"4":{"start":{"line":21,"column":8},"end":{"line":25,"column":9}},"5":{"start":{"line":22,"column":12},"end":{"line":24,"column":14}},"6":{"start":{"line":28,"column":27},"end":{"line":28,"column":55}},"7":{"start":{"line":29,"column":8},"end":{"line":33,"column":9}},"8":{"start":{"line":30,"column":12},"end":{"line":32,"column":15}},"9":{"start":{"line":36,"column":8},"end":{"line":40,"column":9}},"10":{"start":{"line":37,"column":12},"end":{"line":39,"column":15}},"11":{"start":{"line":42,"column":8},"end":{"line":46,"column":9}},"12":{"start":{"line":43,"column":12},"end":{"line":45,"column":15}},"13":{"start":{"line":49,"column":8},"end":{"line":53,"column":9}},"14":{"start":{"line":50,"column":12},"end":{"line":52,"column":15}},"15":{"start":{"line":55,"column":8},"end":{"line":59,"column":9}},"16":{"start":{"line":56,"column":12},"end":{"line":58,"column":15}},"17":{"start":{"line":63,"column":27},"end":{"line":63,"column":94}},"18":{"start":{"line":65,"column":8},"end":{"line":69,"column":9}},"19":{"start":{"line":66,"column":12},"end":{"line":68,"column":15}},"20":{"start":{"line":72,"column":25},"end":{"line":75,"column":9}},"21":{"start":{"line":77,"column":8},"end":{"line":77,"column":47}},"22":{"start":{"line":80,"column":8},"end":{"line":80,"column":55}},"23":{"start":{"line":81,"column":8},"end":{"line":83,"column":11}},"24":{"start":{"line":88,"column":22},"end":{"line":103,"column":1}},"25":{"start":{"line":89,"column":4},"end":{"line":102,"column":5}},"26":{"start":{"line":90,"column":24},"end":{"line":90,"column":81}},"27":{"start":{"line":92,"column":8},"end":{"line":92,"column":44}},"28":{"start":{"line":98,"column":8},"end":{"line":98,"column":55}},"29":{"start":{"line":99,"column":8},"end":{"line":101,"column":11}},"30":{"start":{"line":106,"column":23},"end":{"line":142,"column":1}},"31":{"start":{"line":107,"column":4},"end":{"line":141,"column":5}},"32":{"start":{"line":109,"column":19},"end":{"line":109,"column":41}},"33":{"start":{"line":112,"column":8},"end":{"line":116,"column":9}},"34":{"start":{"line":113,"column":12},"end":{"line":115,"column":15}},"35":{"start":{"line":118,"column":8},"end":{"line":122,"column":9}},"36":{"start":{"line":119,"column":12},"end":{"line":121,"column":15}},"37":{"start":{"line":125,"column":25},"end":{"line":125,"column":84}},"38":{"start":{"line":128,"column":8},"end":{"line":132,"column":9}},"39":{"start":{"line":129,"column":12},"end":{"line":131,"column":15}},"40":{"start":{"line":135,"column":8},"end":{"line":135,"column":47}},"41":{"start":{"line":137,"column":8},"end":{"line":137,"column":55}},"42":{"start":{"line":138,"column":8},"end":{"line":140,"column":11}},"43":{"start":{"line":145,"column":26},"end":{"line":221,"column":1}},"44":{"start":{"line":146,"column":4},"end":{"line":220,"column":5}},"45":{"start":{"line":148,"column":19},"end":{"line":148,"column":41}},"46":{"start":{"line":150,"column":8},"end":{"line":154,"column":9}},"47":{"start":{"line":151,"column":12},"end":{"line":153,"column":15}},"48":{"start":{"line":157,"column":35},"end":{"line":157,"column":43}},"49":{"start":{"line":160,"column":8},"end":{"line":164,"column":9}},"50":{"start":{"line":161,"column":12},"end":{"line":163,"column":14}},"51":{"start":{"line":167,"column":27},"end":{"line":167,"column":55}},"52":{"start":{"line":168,"column":8},"end":{"line":172,"column":9}},"53":{"start":{"line":169,"column":12},"end":{"line":171,"column":15}},"54":{"start":{"line":175,"column":8},"end":{"line":179,"column":9}},"55":{"start":{"line":176,"column":12},"end":{"line":178,"column":15}},"56":{"start":{"line":181,"column":8},"end":{"line":185,"column":9}},"57":{"start":{"line":182,"column":12},"end":{"line":184,"column":15}},"58":{"start":{"line":188,"column":8},"end":{"line":192,"column":9}},"59":{"start":{"line":189,"column":12},"end":{"line":191,"column":15}},"60":{"start":{"line":193,"column":9},"end":{"line":197,"column":9}},"61":{"start":{"line":194,"column":12},"end":{"line":196,"column":15}},"62":{"start":{"line":200,"column":29},"end":{"line":200,"column":106}},"63":{"start":{"line":202,"column":8},"end":{"line":206,"column":9}},"64":{"start":{"line":203,"column":12},"end":{"line":205,"column":14}},"65":{"start":{"line":209,"column":25},"end":{"line":212,"column":9}},"66":{"start":{"line":214,"column":8},"end":{"line":214,"column":47}},"67":{"start":{"line":216,"column":8},"end":{"line":216,"column":55}},"68":{"start":{"line":217,"column":8},"end":{"line":219,"column":11}},"69":{"start":{"line":224,"column":26},"end":{"line":254,"column":1}},"70":{"start":{"line":225,"column":4},"end":{"line":253,"column":5}},"71":{"start":{"line":227,"column":19},"end":{"line":227,"column":41}},"72":{"start":{"line":229,"column":8},"end":{"line":233,"column":9}},"73":{"start":{"line":230,"column":12},"end":{"line":232,"column":15}},"74":{"start":{"line":236,"column":29},"end":{"line":236,"column":90}},"75":{"start":{"line":238,"column":8},"end":{"line":242,"column":9}},"76":{"start":{"line":239,"column":12},"end":{"line":241,"column":14}},"77":{"start":{"line":245,"column":25},"end":{"line":245,"column":96}},"78":{"start":{"line":247,"column":8},"end":{"line":247,"column":47}},"79":{"start":{"line":249,"column":8},"end":{"line":249,"column":55}},"80":{"start":{"line":250,"column":8},"end":{"line":252,"column":11}}},"fnMap":{"0":{"name":"(anonymous_0)","decl":{"start":{"line":15,"column":22},"end":{"line":15,"column":27}},"loc":{"start":{"line":15,"column":41},"end":{"line":85,"column":1}},"line":15},"1":{"name":"(anonymous_1)","decl":{"start":{"line":88,"column":22},"end":{"line":88,"column":27}},"loc":{"start":{"line":88,"column":41},"end":{"line":103,"column":1}},"line":88},"2":{"name":"(anonymous_2)","decl":{"start":{"line":106,"column":23},"end":{"line":106,"column":28}},"loc":{"start":{"line":106,"column":42},"end":{"line":142,"column":1}},"line":106},"3":{"name":"(anonymous_3)","decl":{"start":{"line":145,"column":26},"end":{"line":145,"column":31}},"loc":{"start":{"line":145,"column":44},"end":{"line":221,"column":1}},"line":145},"4":{"name":"(anonymous_4)","decl":{"start":{"line":224,"column":26},"end":{"line":224,"column":31}},"loc":{"start":{"line":224,"column":44},"end":{"line":254,"column":1}},"line":224}},"branchMap":{"0":{"loc":{"start":{"line":21,"column":8},"end":{"line":25,"column":9}},"type":"if","locations":[{"start":{"line":21,"column":8},"end":{"line":25,"column":9}},{"start":{},"end":{}}],"line":21},"1":{"loc":{"start":{"line":21,"column":11},"end":{"line":21,"column":26}},"type":"binary-expr","locations":[{"start":{"line":21,"column":11},"end":{"line":21,"column":16}},{"start":{"line":21,"column":20},"end":{"line":21,"column":26}}],"line":21},"2":{"loc":{"start":{"line":29,"column":8},"end":{"line":33,"column":9}},"type":"if","locations":[{"start":{"line":29,"column":8},"end":{"line":33,"column":9}},{"start":{},"end":{}}],"line":29},"3":{"loc":{"start":{"line":36,"column":8},"end":{"line":40,"column":9}},"type":"if","locations":[{"start":{"line":36,"column":8},"end":{"line":40,"column":9}},{"start":{},"end":{}}],"line":36},"4":{"loc":{"start":{"line":42,"column":8},"end":{"line":46,"column":9}},"type":"if","locations":[{"start":{"line":42,"column":8},"end":{"line":46,"column":9}},{"start":{},"end":{}}],"line":42},"5":{"loc":{"start":{"line":49,"column":8},"end":{"line":53,"column":9}},"type":"if","locations":[{"start":{"line":49,"column":8},"end":{"line":53,"column":9}},{"start":{},"end":{}}],"line":49},"6":{"loc":{"start":{"line":55,"column":8},"end":{"line":59,"column":9}},"type":"if","locations":[{"start":{"line":55,"column":8},"end":{"line":59,"column":9}},{"start":{},"end":{}}],"line":55},"7":{"loc":{"start":{"line":65,"column":8},"end":{"line":69,"column":9}},"type":"if","locations":[{"start":{"line":65,"column":8},"end":{"line":69,"column":9}},{"start":{},"end":{}}],"line":65},"8":{"loc":{"start":{"line":74,"column":26},"end":{"line":74,"column":35}},"type":"binary-expr","locations":[{"start":{"line":74,"column":26},"end":{"line":74,"column":29}},{"start":{"line":74,"column":33},"end":{"line":74,"column":35}}],"line":74},"9":{"loc":{"start":{"line":112,"column":8},"end":{"line":116,"column":9}},"type":"if","locations":[{"start":{"line":112,"column":8},"end":{"line":116,"column":9}},{"start":{},"end":{}}],"line":112},"10":{"loc":{"start":{"line":118,"column":8},"end":{"line":122,"column":9}},"type":"if","locations":[{"start":{"line":118,"column":8},"end":{"line":122,"column":9}},{"start":{},"end":{}}],"line":118},"11":{"loc":{"start":{"line":128,"column":8},"end":{"line":132,"column":9}},"type":"if","locations":[{"start":{"line":128,"column":8},"end":{"line":132,"column":9}},{"start":{},"end":{}}],"line":128},"12":{"loc":{"start":{"line":150,"column":8},"end":{"line":154,"column":9}},"type":"if","locations":[{"start":{"line":150,"column":8},"end":{"line":154,"column":9}},{"start":{},"end":{}}],"line":150},"13":{"loc":{"start":{"line":160,"column":8},"end":{"line":164,"column":9}},"type":"if","locations":[{"start":{"line":160,"column":8},"end":{"line":164,"column":9}},{"start":{},"end":{}}],"line":160},"14":{"loc":{"start":{"line":160,"column":11},"end":{"line":160,"column":26}},"type":"binary-expr","locations":[{"start":{"line":160,"column":11},"end":{"line":160,"column":16}},{"start":{"line":160,"column":20},"end":{"line":160,"column":26}}],"line":160},"15":{"loc":{"start":{"line":168,"column":8},"end":{"line":172,"column":9}},"type":"if","locations":[{"start":{"line":168,"column":8},"end":{"line":172,"column":9}},{"start":{},"end":{}}],"line":168},"16":{"loc":{"start":{"line":175,"column":8},"end":{"line":179,"column":9}},"type":"if","locations":[{"start":{"line":175,"column":8},"end":{"line":179,"column":9}},{"start":{},"end":{}}],"line":175},"17":{"loc":{"start":{"line":181,"column":8},"end":{"line":185,"column":9}},"type":"if","locations":[{"start":{"line":181,"column":8},"end":{"line":185,"column":9}},{"start":{},"end":{}}],"line":181},"18":{"loc":{"start":{"line":188,"column":8},"end":{"line":192,"column":9}},"type":"if","locations":[{"start":{"line":188,"column":8},"end":{"line":192,"column":9}},{"start":{},"end":{}}],"line":188},"19":{"loc":{"start":{"line":193,"column":9},"end":{"line":197,"column":9}},"type":"if","locations":[{"start":{"line":193,"column":9},"end":{"line":197,"column":9}},{"start":{},"end":{}}],"line":193},"20":{"loc":{"start":{"line":202,"column":8},"end":{"line":206,"column":9}},"type":"if","locations":[{"start":{"line":202,"column":8},"end":{"line":206,"column":9}},{"start":{},"end":{}}],"line":202},"21":{"loc":{"start":{"line":211,"column":26},"end":{"line":211,"column":35}},"type":"binary-expr","locations":[{"start":{"line":211,"column":26},"end":{"line":211,"column":29}},{"start":{"line":211,"column":33},"end":{"line":211,"column":35}}],"line":211},"22":{"loc":{"start":{"line":229,"column":8},"end":{"line":233,"column":9}},"type":"if","locations":[{"start":{"line":229,"column":8},"end":{"line":233,"column":9}},{"start":{},"end":{}}],"line":229},"23":{"loc":{"start":{"line":238,"column":8},"end":{"line":242,"column":9}},"type":"if","locations":[{"start":{"line":238,"column":8},"end":{"line":242,"column":9}},{"start":{},"end":{}}],"line":238}},"s":{"0":1,"1":1,"2":5,"3":5,"4":5,"5":3,"6":2,"7":2,"8":1,"9":1,"10":0,"11":1,"12":0,"13":1,"14":0,"15":1,"16":0,"17":1,"18":1,"19":0,"20":1,"21":1,"22":0,"23":0,"24":1,"25":1,"26":1,"27":1,"28":0,"29":0,"30":1,"31":2,"32":2,"33":2,"34":1,"35":1,"36":0,"37":1,"38":1,"39":0,"40":1,"41":0,"42":0,"43":1,"44":2,"45":2,"46":2,"47":1,"48":1,"49":1,"50":0,"51":1,"52":1,"53":1,"54":0,"55":0,"56":0,"57":0,"58":0,"59":0,"60":0,"61":0,"62":0,"63":0,"64":0,"65":0,"66":0,"67":0,"68":0,"69":1,"70":2,"71":2,"72":2,"73":0,"74":2,"75":2,"76":1,"77":1,"78":1,"79":0,"80":0},"f":{"0":5,"1":1,"2":2,"3":2,"4":2},"b":{"0":[3,2],"1":[5,3],"2":[1,1],"3":[0,1],"4":[0,1],"5":[0,1],"6":[0,1],"7":[0,1],"8":[1,1],"9":[1,1],"10":[0,1],"11":[0,1],"12":[1,1],"13":[0,1],"14":[1,1],"15":[1,0],"16":[0,0],"17":[0,0],"18":[0,0],"19":[0,0],"20":[0,0],"21":[0,0],"22":[0,2],"23":[1,1]},"meta":{"lastBranch":24,"lastFunction":5,"lastStatement":81,"seen":{"s:8:17:8:19":0,"s:15:22:85:1":1,"f:15:22:15:27":0,"s:16:4:84:5":2,"s:18:35:18:43":3,"b:21:8:25:9:undefined:undefined:undefined:undefined":0,"s:21:8:25:9":4,"b:21:11:21:16:21:20:21:26":1,"s:22:12:24:14":5,"s:28:27:28:55":6,"b:29:8:33:9:undefined:undefined:undefined:undefined":2,"s:29:8:33:9":7,"s:30:12:32:15":8,"b:36:8:40:9:undefined:undefined:undefined:undefined":3,"s:36:8:40:9":9,"s:37:12:39:15":10,"b:42:8:46:9:undefined:undefined:undefined:undefined":4,"s:42:8:46:9":11,"s:43:12:45:15":12,"b:49:8:53:9:undefined:undefined:undefined:undefined":5,"s:49:8:53:9":13,"s:50:12:52:15":14,"b:55:8:59:9:undefined:undefined:undefined:undefined":6,"s:55:8:59:9":15,"s:56:12:58:15":16,"s:63:27:63:94":17,"b:65:8:69:9:undefined:undefined:undefined:undefined":7,"s:65:8:69:9":18,"s:66:12:68:15":19,"s:72:25:75:9":20,"b:74:26:74:29:74:33:74:35":8,"s:77:8:77:47":21,"s:80:8:80:55":22,"s:81:8:83:11":23,"s:88:22:103:1":24,"f:88:22:88:27":1,"s:89:4:102:5":25,"s:90:24:90:81":26,"s:92:8:92:44":27,"s:98:8:98:55":28,"s:99:8:101:11":29,"s:106:23:142:1":30,"f:106:23:106:28":2,"s:107:4:141:5":31,"s:109:19:109:41":32,"b:112:8:116:9:undefined:undefined:undefined:undefined":9,"s:112:8:116:9":33,"s:113:12:115:15":34,"b:118:8:122:9:undefined:undefined:undefined:undefined":10,"s:118:8:122:9":35,"s:119:12:121:15":36,"s:125:25:125:84":37,"b:128:8:132:9:undefined:undefined:undefined:undefined":11,"s:128:8:132:9":38,"s:129:12:131:15":39,"s:135:8:135:47":40,"s:137:8:137:55":41,"s:138:8:140:11":42,"s:145:26:221:1":43,"f:145:26:145:31":3,"s:146:4:220:5":44,"s:148:19:148:41":45,"b:150:8:154:9:undefined:undefined:undefined:undefined":12,"s:150:8:154:9":46,"s:151:12:153:15":47,"s:157:35:157:43":48,"b:160:8:164:9:undefined:undefined:undefined:undefined":13,"s:160:8:164:9":49,"b:160:11:160:16:160:20:160:26":14,"s:161:12:163:14":50,"s:167:27:167:55":51,"b:168:8:172:9:undefined:undefined:undefined:undefined":15,"s:168:8:172:9":52,"s:169:12:171:15":53,"b:175:8:179:9:undefined:undefined:undefined:undefined":16,"s:175:8:179:9":54,"s:176:12:178:15":55,"b:181:8:185:9:undefined:undefined:undefined:undefined":17,"s:181:8:185:9":56,"s:182:12:184:15":57,"b:188:8:192:9:undefined:undefined:undefined:undefined":18,"s:188:8:192:9":58,"s:189:12:191:15":59,"b:193:9:197:9:undefined:undefined:undefined:undefined":19,"s:193:9:197:9":60,"s:194:12:196:15":61,"s:200:29:200:106":62,"b:202:8:206:9:undefined:undefined:undefined:undefined":20,"s:202:8:206:9":63,"s:203:12:205:14":64,"s:209:25:212:9":65,"b:211:26:211:29:211:33:211:35":21,"s:214:8:214:47":66,"s:216:8:216:55":67,"s:217:8:219:11":68,"s:224:26:254:1":69,"f:224:26:224:31":4,"s:225:4:253:5":70,"s:227:19:227:41":71,"b:229:8:233:9:undefined:undefined:undefined:undefined":22,"s:229:8:233:9":72,"s:230:12:232:15":73,"s:236:29:236:90":74,"b:238:8:242:9:undefined:undefined:undefined:undefined":23,"s:238:8:242:9":75,"s:239:12:241:14":76,"s:245:25:245:96":77,"s:247:8:247:47":78,"s:249:8:249:55":79,"s:250:8:252:11":80},"fnNames":{}}}
,"C:\\Users\\leohg\\Documents\\Henry\\M2\\Proyecto_Integrador2\\src\\controllers\\posts.controlers.js": {"path":"C:\\Users\\leohg\\Documents\\Henry\\M2\\Proyecto_Integrador2\\src\\controllers\\posts.controlers.js","statementMap":{"0":{"start":{"line":14,"column":17},"end":{"line":14,"column":19}},"1":{"start":{"line":18,"column":20},"end":{"line":77,"column":1}},"2":{"start":{"line":19,"column":4},"end":{"line":76,"column":5}},"3":{"start":{"line":21,"column":55},"end":{"line":21,"column":63}},"4":{"start":{"line":24,"column":8},"end":{"line":28,"column":9}},"5":{"start":{"line":25,"column":12},"end":{"line":27,"column":15}},"6":{"start":{"line":31,"column":8},"end":{"line":35,"column":9}},"7":{"start":{"line":32,"column":12},"end":{"line":34,"column":15}},"8":{"start":{"line":37,"column":8},"end":{"line":41,"column":9}},"9":{"start":{"line":38,"column":12},"end":{"line":40,"column":15}},"10":{"start":{"line":43,"column":8},"end":{"line":47,"column":9}},"11":{"start":{"line":44,"column":12},"end":{"line":46,"column":14}},"12":{"start":{"line":49,"column":8},"end":{"line":53,"column":9}},"13":{"start":{"line":50,"column":12},"end":{"line":52,"column":14}},"14":{"start":{"line":56,"column":28},"end":{"line":56,"column":96}},"15":{"start":{"line":58,"column":8},"end":{"line":62,"column":9}},"16":{"start":{"line":59,"column":12},"end":{"line":61,"column":14}},"17":{"start":{"line":64,"column":25},"end":{"line":64,"column":176}},"18":{"start":{"line":70,"column":8},"end":{"line":70,"column":47}},"19":{"start":{"line":72,"column":8},"end":{"line":72,"column":55}},"20":{"start":{"line":73,"column":8},"end":{"line":75,"column":11}},"21":{"start":{"line":80,"column":19},"end":{"line":91,"column":1}},"22":{"start":{"line":81,"column":4},"end":{"line":89,"column":5}},"23":{"start":{"line":82,"column":25},"end":{"line":82,"column":80}},"24":{"start":{"line":83,"column":8},"end":{"line":83,"column":44}},"25":{"start":{"line":85,"column":8},"end":{"line":85,"column":55}},"26":{"start":{"line":86,"column":8},"end":{"line":88,"column":11}},"27":{"start":{"line":94,"column":20},"end":{"line":136,"column":1}},"28":{"start":{"line":95,"column":4},"end":{"line":135,"column":5}},"29":{"start":{"line":97,"column":19},"end":{"line":97,"column":41}},"30":{"start":{"line":100,"column":8},"end":{"line":104,"column":9}},"31":{"start":{"line":101,"column":12},"end":{"line":103,"column":14}},"32":{"start":{"line":106,"column":8},"end":{"line":110,"column":9}},"33":{"start":{"line":107,"column":12},"end":{"line":109,"column":14}},"34":{"start":{"line":113,"column":25},"end":{"line":113,"column":82}},"35":{"start":{"line":115,"column":22},"end":{"line":115,"column":35}},"36":{"start":{"line":118,"column":21},"end":{"line":118,"column":56}},"37":{"start":{"line":118,"column":42},"end":{"line":118,"column":55}},"38":{"start":{"line":121,"column":8},"end":{"line":126,"column":5}},"39":{"start":{"line":123,"column":12},"end":{"line":125,"column":14}},"40":{"start":{"line":129,"column":4},"end":{"line":129,"column":43}},"41":{"start":{"line":131,"column":8},"end":{"line":131,"column":55}},"42":{"start":{"line":132,"column":8},"end":{"line":134,"column":11}},"43":{"start":{"line":139,"column":23},"end":{"line":205,"column":1}},"44":{"start":{"line":140,"column":4},"end":{"line":204,"column":5}},"45":{"start":{"line":142,"column":19},"end":{"line":142,"column":41}},"46":{"start":{"line":144,"column":8},"end":{"line":148,"column":9}},"47":{"start":{"line":145,"column":12},"end":{"line":147,"column":14}},"48":{"start":{"line":151,"column":8},"end":{"line":155,"column":9}},"49":{"start":{"line":152,"column":12},"end":{"line":154,"column":15}},"50":{"start":{"line":157,"column":8},"end":{"line":161,"column":9}},"51":{"start":{"line":158,"column":12},"end":{"line":160,"column":15}},"52":{"start":{"line":163,"column":8},"end":{"line":167,"column":9}},"53":{"start":{"line":164,"column":12},"end":{"line":166,"column":14}},"54":{"start":{"line":169,"column":8},"end":{"line":173,"column":9}},"55":{"start":{"line":170,"column":12},"end":{"line":172,"column":14}},"56":{"start":{"line":176,"column":55},"end":{"line":176,"column":63}},"57":{"start":{"line":178,"column":8},"end":{"line":182,"column":9}},"58":{"start":{"line":179,"column":12},"end":{"line":181,"column":14}},"59":{"start":{"line":187,"column":28},"end":{"line":187,"column":94}},"60":{"start":{"line":189,"column":8},"end":{"line":193,"column":9}},"61":{"start":{"line":190,"column":12},"end":{"line":192,"column":14}},"62":{"start":{"line":196,"column":25},"end":{"line":196,"column":178}},"63":{"start":{"line":198,"column":8},"end":{"line":198,"column":47}},"64":{"start":{"line":200,"column":8},"end":{"line":200,"column":55}},"65":{"start":{"line":201,"column":8},"end":{"line":203,"column":11}},"66":{"start":{"line":208,"column":23},"end":{"line":241,"column":1}},"67":{"start":{"line":209,"column":4},"end":{"line":239,"column":5}},"68":{"start":{"line":211,"column":18},"end":{"line":211,"column":39}},"69":{"start":{"line":214,"column":8},"end":{"line":218,"column":9}},"70":{"start":{"line":215,"column":12},"end":{"line":217,"column":15}},"71":{"start":{"line":221,"column":27},"end":{"line":221,"column":86}},"72":{"start":{"line":223,"column":8},"end":{"line":227,"column":9}},"73":{"start":{"line":224,"column":12},"end":{"line":226,"column":14}},"74":{"start":{"line":230,"column":25},"end":{"line":230,"column":94}},"75":{"start":{"line":232,"column":8},"end":{"line":232,"column":47}},"76":{"start":{"line":235,"column":8},"end":{"line":235,"column":55}},"77":{"start":{"line":236,"column":8},"end":{"line":238,"column":11}},"78":{"start":{"line":244,"column":24},"end":{"line":289,"column":1}},"79":{"start":{"line":245,"column":16},"end":{"line":257,"column":37}},"80":{"start":{"line":259,"column":4},"end":{"line":288,"column":5}},"81":{"start":{"line":261,"column":25},"end":{"line":261,"column":52}},"82":{"start":{"line":263,"column":8},"end":{"line":267,"column":9}},"83":{"start":{"line":264,"column":12},"end":{"line":266,"column":15}},"84":{"start":{"line":270,"column":29},"end":{"line":270,"column":96}},"85":{"start":{"line":272,"column":8},"end":{"line":276,"column":9}},"86":{"start":{"line":273,"column":12},"end":{"line":275,"column":14}},"87":{"start":{"line":279,"column":25},"end":{"line":279,"column":58}},"88":{"start":{"line":282,"column":8},"end":{"line":282,"column":44}},"89":{"start":{"line":284,"column":8},"end":{"line":284,"column":64}},"90":{"start":{"line":285,"column":8},"end":{"line":287,"column":11}}},"fnMap":{"0":{"name":"(anonymous_0)","decl":{"start":{"line":18,"column":20},"end":{"line":18,"column":25}},"loc":{"start":{"line":18,"column":39},"end":{"line":77,"column":1}},"line":18},"1":{"name":"(anonymous_1)","decl":{"start":{"line":80,"column":19},"end":{"line":80,"column":24}},"loc":{"start":{"line":80,"column":37},"end":{"line":91,"column":1}},"line":80},"2":{"name":"(anonymous_2)","decl":{"start":{"line":94,"column":20},"end":{"line":94,"column":25}},"loc":{"start":{"line":94,"column":38},"end":{"line":136,"column":1}},"line":94},"3":{"name":"(anonymous_3)","decl":{"start":{"line":118,"column":32},"end":{"line":118,"column":33}},"loc":{"start":{"line":118,"column":42},"end":{"line":118,"column":55}},"line":118},"4":{"name":"(anonymous_4)","decl":{"start":{"line":139,"column":23},"end":{"line":139,"column":28}},"loc":{"start":{"line":139,"column":41},"end":{"line":205,"column":1}},"line":139},"5":{"name":"(anonymous_5)","decl":{"start":{"line":208,"column":23},"end":{"line":208,"column":28}},"loc":{"start":{"line":208,"column":41},"end":{"line":241,"column":1}},"line":208},"6":{"name":"(anonymous_6)","decl":{"start":{"line":244,"column":24},"end":{"line":244,"column":29}},"loc":{"start":{"line":244,"column":42},"end":{"line":289,"column":1}},"line":244}},"branchMap":{"0":{"loc":{"start":{"line":24,"column":8},"end":{"line":28,"column":9}},"type":"if","locations":[{"start":{"line":24,"column":8},"end":{"line":28,"column":9}},{"start":{},"end":{}}],"line":24},"1":{"loc":{"start":{"line":24,"column":11},"end":{"line":24,"column":42}},"type":"binary-expr","locations":[{"start":{"line":24,"column":11},"end":{"line":24,"column":17}},{"start":{"line":24,"column":21},"end":{"line":24,"column":29}},{"start":{"line":24,"column":32},"end":{"line":24,"column":42}}],"line":24},"2":{"loc":{"start":{"line":31,"column":8},"end":{"line":35,"column":9}},"type":"if","locations":[{"start":{"line":31,"column":8},"end":{"line":35,"column":9}},{"start":{},"end":{}}],"line":31},"3":{"loc":{"start":{"line":37,"column":8},"end":{"line":41,"column":9}},"type":"if","locations":[{"start":{"line":37,"column":8},"end":{"line":41,"column":9}},{"start":{},"end":{}}],"line":37},"4":{"loc":{"start":{"line":43,"column":8},"end":{"line":47,"column":9}},"type":"if","locations":[{"start":{"line":43,"column":8},"end":{"line":47,"column":9}},{"start":{},"end":{}}],"line":43},"5":{"loc":{"start":{"line":49,"column":8},"end":{"line":53,"column":9}},"type":"if","locations":[{"start":{"line":49,"column":8},"end":{"line":53,"column":9}},{"start":{},"end":{}}],"line":49},"6":{"loc":{"start":{"line":58,"column":8},"end":{"line":62,"column":9}},"type":"if","locations":[{"start":{"line":58,"column":8},"end":{"line":62,"column":9}},{"start":{},"end":{}}],"line":58},"7":{"loc":{"start":{"line":100,"column":8},"end":{"line":104,"column":9}},"type":"if","locations":[{"start":{"line":100,"column":8},"end":{"line":104,"column":9}},{"start":{},"end":{}}],"line":100},"8":{"loc":{"start":{"line":106,"column":8},"end":{"line":110,"column":9}},"type":"if","locations":[{"start":{"line":106,"column":8},"end":{"line":110,"column":9}},{"start":{},"end":{}}],"line":106},"9":{"loc":{"start":{"line":121,"column":8},"end":{"line":126,"column":5}},"type":"if","locations":[{"start":{"line":121,"column":8},"end":{"line":126,"column":5}},{"start":{},"end":{}}],"line":121},"10":{"loc":{"start":{"line":144,"column":8},"end":{"line":148,"column":9}},"type":"if","locations":[{"start":{"line":144,"column":8},"end":{"line":148,"column":9}},{"start":{},"end":{}}],"line":144},"11":{"loc":{"start":{"line":151,"column":8},"end":{"line":155,"column":9}},"type":"if","locations":[{"start":{"line":151,"column":8},"end":{"line":155,"column":9}},{"start":{},"end":{}}],"line":151},"12":{"loc":{"start":{"line":157,"column":8},"end":{"line":161,"column":9}},"type":"if","locations":[{"start":{"line":157,"column":8},"end":{"line":161,"column":9}},{"start":{},"end":{}}],"line":157},"13":{"loc":{"start":{"line":163,"column":8},"end":{"line":167,"column":9}},"type":"if","locations":[{"start":{"line":163,"column":8},"end":{"line":167,"column":9}},{"start":{},"end":{}}],"line":163},"14":{"loc":{"start":{"line":169,"column":8},"end":{"line":173,"column":9}},"type":"if","locations":[{"start":{"line":169,"column":8},"end":{"line":173,"column":9}},{"start":{},"end":{}}],"line":169},"15":{"loc":{"start":{"line":178,"column":8},"end":{"line":182,"column":9}},"type":"if","locations":[{"start":{"line":178,"column":8},"end":{"line":182,"column":9}},{"start":{},"end":{}}],"line":178},"16":{"loc":{"start":{"line":178,"column":11},"end":{"line":178,"column":43}},"type":"binary-expr","locations":[{"start":{"line":178,"column":11},"end":{"line":178,"column":17}},{"start":{"line":178,"column":21},"end":{"line":178,"column":29}},{"start":{"line":178,"column":33},"end":{"line":178,"column":43}}],"line":178},"17":{"loc":{"start":{"line":189,"column":8},"end":{"line":193,"column":9}},"type":"if","locations":[{"start":{"line":189,"column":8},"end":{"line":193,"column":9}},{"start":{},"end":{}}],"line":189},"18":{"loc":{"start":{"line":214,"column":8},"end":{"line":218,"column":9}},"type":"if","locations":[{"start":{"line":214,"column":8},"end":{"line":218,"column":9}},{"start":{},"end":{}}],"line":214},"19":{"loc":{"start":{"line":223,"column":8},"end":{"line":227,"column":9}},"type":"if","locations":[{"start":{"line":223,"column":8},"end":{"line":227,"column":9}},{"start":{},"end":{}}],"line":223},"20":{"loc":{"start":{"line":263,"column":8},"end":{"line":267,"column":9}},"type":"if","locations":[{"start":{"line":263,"column":8},"end":{"line":267,"column":9}},{"start":{},"end":{}}],"line":263},"21":{"loc":{"start":{"line":272,"column":8},"end":{"line":276,"column":9}},"type":"if","locations":[{"start":{"line":272,"column":8},"end":{"line":276,"column":9}},{"start":{},"end":{}}],"line":272}},"s":{"0":1,"1":1,"2":0,"3":0,"4":0,"5":0,"6":0,"7":0,"8":0,"9":0,"10":0,"11":0,"12":0,"13":0,"14":0,"15":0,"16":0,"17":0,"18":0,"19":0,"20":0,"21":1,"22":0,"23":0,"24":0,"25":0,"26":0,"27":1,"28":0,"29":0,"30":0,"31":0,"32":0,"33":0,"34":0,"35":0,"36":0,"37":0,"38":0,"39":0,"40":0,"41":0,"42":0,"43":1,"44":0,"45":0,"46":0,"47":0,"48":0,"49":0,"50":0,"51":0,"52":0,"53":0,"54":0,"55":0,"56":0,"57":0,"58":0,"59":0,"60":0,"61":0,"62":0,"63":0,"64":0,"65":0,"66":1,"67":0,"68":0,"69":0,"70":0,"71":0,"72":0,"73":0,"74":0,"75":0,"76":0,"77":0,"78":1,"79":0,"80":0,"81":0,"82":0,"83":0,"84":0,"85":0,"86":0,"87":0,"88":0,"89":0,"90":0},"f":{"0":0,"1":0,"2":0,"3":0,"4":0,"5":0,"6":0},"b":{"0":[0,0],"1":[0,0,0],"2":[0,0],"3":[0,0],"4":[0,0],"5":[0,0],"6":[0,0],"7":[0,0],"8":[0,0],"9":[0,0],"10":[0,0],"11":[0,0],"12":[0,0],"13":[0,0],"14":[0,0],"15":[0,0],"16":[0,0,0],"17":[0,0],"18":[0,0],"19":[0,0],"20":[0,0],"21":[0,0]},"meta":{"lastBranch":22,"lastFunction":7,"lastStatement":91,"seen":{"s:14:17:14:19":0,"s:18:20:77:1":1,"f:18:20:18:25":0,"s:19:4:76:5":2,"s:21:55:21:63":3,"b:24:8:28:9:undefined:undefined:undefined:undefined":0,"s:24:8:28:9":4,"b:24:11:24:17:24:21:24:29:24:32:24:42":1,"s:25:12:27:15":5,"b:31:8:35:9:undefined:undefined:undefined:undefined":2,"s:31:8:35:9":6,"s:32:12:34:15":7,"b:37:8:41:9:undefined:undefined:undefined:undefined":3,"s:37:8:41:9":8,"s:38:12:40:15":9,"b:43:8:47:9:undefined:undefined:undefined:undefined":4,"s:43:8:47:9":10,"s:44:12:46:14":11,"b:49:8:53:9:undefined:undefined:undefined:undefined":5,"s:49:8:53:9":12,"s:50:12:52:14":13,"s:56:28:56:96":14,"b:58:8:62:9:undefined:undefined:undefined:undefined":6,"s:58:8:62:9":15,"s:59:12:61:14":16,"s:64:25:64:176":17,"s:70:8:70:47":18,"s:72:8:72:55":19,"s:73:8:75:11":20,"s:80:19:91:1":21,"f:80:19:80:24":1,"s:81:4:89:5":22,"s:82:25:82:80":23,"s:83:8:83:44":24,"s:85:8:85:55":25,"s:86:8:88:11":26,"s:94:20:136:1":27,"f:94:20:94:25":2,"s:95:4:135:5":28,"s:97:19:97:41":29,"b:100:8:104:9:undefined:undefined:undefined:undefined":7,"s:100:8:104:9":30,"s:101:12:103:14":31,"b:106:8:110:9:undefined:undefined:undefined:undefined":8,"s:106:8:110:9":32,"s:107:12:109:14":33,"s:113:25:113:82":34,"s:115:22:115:35":35,"s:118:21:118:56":36,"f:118:32:118:33":3,"s:118:42:118:55":37,"b:121:8:126:5:undefined:undefined:undefined:undefined":9,"s:121:8:126:5":38,"s:123:12:125:14":39,"s:129:4:129:43":40,"s:131:8:131:55":41,"s:132:8:134:11":42,"s:139:23:205:1":43,"f:139:23:139:28":4,"s:140:4:204:5":44,"s:142:19:142:41":45,"b:144:8:148:9:undefined:undefined:undefined:undefined":10,"s:144:8:148:9":46,"s:145:12:147:14":47,"b:151:8:155:9:undefined:undefined:undefined:undefined":11,"s:151:8:155:9":48,"s:152:12:154:15":49,"b:157:8:161:9:undefined:undefined:undefined:undefined":12,"s:157:8:161:9":50,"s:158:12:160:15":51,"b:163:8:167:9:undefined:undefined:undefined:undefined":13,"s:163:8:167:9":52,"s:164:12:166:14":53,"b:169:8:173:9:undefined:undefined:undefined:undefined":14,"s:169:8:173:9":54,"s:170:12:172:14":55,"s:176:55:176:63":56,"b:178:8:182:9:undefined:undefined:undefined:undefined":15,"s:178:8:182:9":57,"b:178:11:178:17:178:21:178:29:178:33:178:43":16,"s:179:12:181:14":58,"s:187:28:187:94":59,"b:189:8:193:9:undefined:undefined:undefined:undefined":17,"s:189:8:193:9":60,"s:190:12:192:14":61,"s:196:25:196:178":62,"s:198:8:198:47":63,"s:200:8:200:55":64,"s:201:8:203:11":65,"s:208:23:241:1":66,"f:208:23:208:28":5,"s:209:4:239:5":67,"s:211:18:211:39":68,"b:214:8:218:9:undefined:undefined:undefined:undefined":18,"s:214:8:218:9":69,"s:215:12:217:15":70,"s:221:27:221:86":71,"b:223:8:227:9:undefined:undefined:undefined:undefined":19,"s:223:8:227:9":72,"s:224:12:226:14":73,"s:230:25:230:94":74,"s:232:8:232:47":75,"s:235:8:235:55":76,"s:236:8:238:11":77,"s:244:24:289:1":78,"f:244:24:244:29":6,"s:245:16:257:37":79,"s:259:4:288:5":80,"s:261:25:261:52":81,"b:263:8:267:9:undefined:undefined:undefined:undefined":20,"s:263:8:267:9":82,"s:264:12:266:15":83,"s:270:29:270:96":84,"b:272:8:276:9:undefined:undefined:undefined:undefined":21,"s:272:8:276:9":85,"s:273:12:275:14":86,"s:279:25:279:58":87,"s:282:8:282:44":88,"s:284:8:284:64":89,"s:285:8:287:11":90},"fnNames":{}}}
,"C:\\Users\\leohg\\Documents\\Henry\\M2\\Proyecto_Integrador2\\src\\data\\authors.js": {"path":"C:\\Users\\leohg\\Documents\\Henry\\M2\\Proyecto_Integrador2\\src\\data\\authors.js","statementMap":{"0":{"start":{"line":1,"column":13},"end":{"line":41,"column":1}}},"fnMap":{},"branchMap":{},"s":{"0":1},"f":{},"b":{},"meta":{"lastBranch":0,"lastFunction":0,"lastStatement":1,"seen":{"s:1:13:41:1":0},"fnNames":{}}}
,"C:\\Users\\leohg\\Documents\\Henry\\M2\\Proyecto_Integrador2\\src\\data\\posts.js": {"path":"C:\\Users\\leohg\\Documents\\Henry\\M2\\Proyecto_Integrador2\\src\\data\\posts.js","statementMap":{"0":{"start":{"line":1,"column":11},"end":{"line":50,"column":1}}},"fnMap":{},"branchMap":{},"s":{"0":1},"f":{},"b":{},"meta":{"lastBranch":0,"lastFunction":0,"lastStatement":1,"seen":{"s:1:11:50:1":0},"fnNames":{}}}
,"C:\\Users\\leohg\\Documents\\Henry\\M2\\Proyecto_Integrador2\\src\\routes\\author.routes.js": {"path":"C:\\Users\\leohg\\Documents\\Henry\\M2\\Proyecto_Integrador2\\src\\routes\\author.routes.js","statementMap":{"0":{"start":{"line":4,"column":15},"end":{"line":4,"column":31}},"1":{"start":{"line":16,"column":0},"end":{"line":16,"column":39}},"2":{"start":{"line":19,"column":0},"end":{"line":19,"column":38}},"3":{"start":{"line":22,"column":0},"end":{"line":22,"column":43}},"4":{"start":{"line":25,"column":0},"end":{"line":25,"column":46}},"5":{"start":{"line":28,"column":0},"end":{"line":28,"column":49}}},"fnMap":{},"branchMap":{},"s":{"0":1,"1":1,"2":1,"3":1,"4":1,"5":1},"f":{},"b":{},"meta":{"lastBranch":0,"lastFunction":0,"lastStatement":6,"seen":{"s:4:15:4:31":0,"s:16:0:16:39":1,"s:19:0:19:38":2,"s:22:0:22:43":3,"s:25:0:25:46":4,"s:28:0:28:49":5},"fnNames":{}}}
,"C:\\Users\\leohg\\Documents\\Henry\\M2\\Proyecto_Integrador2\\src\\routes\\post.routes.js": {"path":"C:\\Users\\leohg\\Documents\\Henry\\M2\\Proyecto_Integrador2\\src\\routes\\post.routes.js","statementMap":{"0":{"start":{"line":4,"column":15},"end":{"line":4,"column":31}},"1":{"start":{"line":14,"column":0},"end":{"line":14,"column":35}},"2":{"start":{"line":17,"column":0},"end":{"line":17,"column":33}},"3":{"start":{"line":20,"column":0},"end":{"line":20,"column":55}},"4":{"start":{"line":29,"column":0},"end":{"line":29,"column":38}},"5":{"start":{"line":32,"column":0},"end":{"line":32,"column":41}},"6":{"start":{"line":35,"column":0},"end":{"line":35,"column":44}}},"fnMap":{},"branchMap":{},"s":{"0":1,"1":1,"2":1,"3":1,"4":1,"5":1,"6":1},"f":{},"b":{},"meta":{"lastBranch":0,"lastFunction":0,"lastStatement":7,"seen":{"s:4:15:4:31":0,"s:14:0:14:35":1,"s:17:0:17:33":2,"s:20:0:20:55":3,"s:29:0:29:38":4,"s:32:0:32:41":5,"s:35:0:35:44":6},"fnNames":{}}}
,"C:\\Users\\leohg\\Documents\\Henry\\M2\\Proyecto_Integrador2\\src\\test\\validators.js": {"path":"C:\\Users\\leohg\\Documents\\Henry\\M2\\Proyecto_Integrador2\\src\\test\\validators.js","statementMap":{"0":{"start":{"line":5,"column":2},"end":{"line":7,"column":3}},"1":{"start":{"line":6,"column":4},"end":{"line":6,"column":35}},"2":{"start":{"line":8,"column":21},"end":{"line":8,"column":49}},"3":{"start":{"line":9,"column":2},"end":{"line":11,"column":3}},"4":{"start":{"line":10,"column":4},"end":{"line":10,"column":46}},"5":{"start":{"line":12,"column":2},"end":{"line":12,"column":13}},"6":{"start":{"line":16,"column":4},"end":{"line":16,"column":54}},"7":{"start":{"line":21,"column":28},"end":{"line":21,"column":85}},"8":{"start":{"line":22,"column":8},"end":{"line":24,"column":9}},"9":{"start":{"line":23,"column":12},"end":{"line":23,"column":24}},"10":{"start":{"line":28,"column":33},"end":{"line":28,"column":53}},"11":{"start":{"line":29,"column":8},"end":{"line":31,"column":9}},"12":{"start":{"line":30,"column":12},"end":{"line":30,"column":24}}},"fnMap":{"0":{"name":"validarEmail","decl":{"start":{"line":4,"column":9},"end":{"line":4,"column":21}},"loc":{"start":{"line":4,"column":29},"end":{"line":13,"column":1}},"line":4},"1":{"name":"queSeaNum","decl":{"start":{"line":15,"column":9},"end":{"line":15,"column":18}},"loc":{"start":{"line":15,"column":26},"end":{"line":17,"column":1}},"line":15},"2":{"name":"SQLInjection","decl":{"start":{"line":19,"column":9},"end":{"line":19,"column":21}},"loc":{"start":{"line":19,"column":28},"end":{"line":25,"column":1}},"line":19},"3":{"name":"caracteresProhibidos","decl":{"start":{"line":27,"column":9},"end":{"line":27,"column":29}},"loc":{"start":{"line":27,"column":36},"end":{"line":32,"column":1}},"line":27}},"branchMap":{"0":{"loc":{"start":{"line":5,"column":2},"end":{"line":7,"column":3}},"type":"if","locations":[{"start":{"line":5,"column":2},"end":{"line":7,"column":3}},{"start":{},"end":{}}],"line":5},"1":{"loc":{"start":{"line":9,"column":2},"end":{"line":11,"column":3}},"type":"if","locations":[{"start":{"line":9,"column":2},"end":{"line":11,"column":3}},{"start":{},"end":{}}],"line":9},"2":{"loc":{"start":{"line":16,"column":11},"end":{"line":16,"column":53}},"type":"binary-expr","locations":[{"start":{"line":16,"column":11},"end":{"line":16,"column":36}},{"start":{"line":16,"column":40},"end":{"line":16,"column":53}}],"line":16},"3":{"loc":{"start":{"line":22,"column":8},"end":{"line":24,"column":9}},"type":"if","locations":[{"start":{"line":22,"column":8},"end":{"line":24,"column":9}},{"start":{},"end":{}}],"line":22},"4":{"loc":{"start":{"line":29,"column":8},"end":{"line":31,"column":9}},"type":"if","locations":[{"start":{"line":29,"column":8},"end":{"line":31,"column":9}},{"start":{},"end":{}}],"line":29}},"s":{"0":0,"1":0,"2":0,"3":0,"4":0,"5":0,"6":3,"7":2,"8":2,"9":0,"10":2,"11":2,"12":0},"f":{"0":0,"1":3,"2":2,"3":2},"b":{"0":[0,0],"1":[0,0],"2":[3,2],"3":[0,2],"4":[0,2]},"meta":{"lastBranch":5,"lastFunction":4,"lastStatement":13,"seen":{"f:4:9:4:21":0,"b:5:2:7:3:undefined:undefined:undefined:undefined":0,"s:5:2:7:3":0,"s:6:4:6:35":1,"s:8:21:8:49":2,"b:9:2:11:3:undefined:undefined:undefined:undefined":1,"s:9:2:11:3":3,"s:10:4:10:46":4,"s:12:2:12:13":5,"f:15:9:15:18":1,"s:16:4:16:54":6,"b:16:11:16:36:16:40:16:53":2,"f:19:9:19:21":2,"s:21:28:21:85":7,"b:22:8:24:9:undefined:undefined:undefined:undefined":3,"s:22:8:24:9":8,"s:23:12:23:24":9,"f:27:9:27:29":3,"s:28:33:28:53":10,"b:29:8:31:9:undefined:undefined:undefined:undefined":4,"s:29:8:31:9":11,"s:30:12:30:24":12},"fnNames":{}}}
}
